Build started 29-Sep-14 11:59:21 AM.
     1>Project "C:\Users\Paula\Documents\PENN\CIS565_GPU\Project2-StreamCompaction\Project-2\Project-2\Project-2.vcxproj" on node 2 (build target(s)).
     1>InitializeBuildStatus:
         Creating "Release\Project-2.unsuccessfulbuild" because "AlwaysCreate" was specified.
       AddCudaCompileDeps:
         c:\Program Files (x86)\Microsoft Visual Studio 10.0\VC\bin\cl.exe /E /nologo /showIncludes /TP /D__CUDACC__ /D_MBCS /I"C:\Program Files\NVIDIA GPU Computing Toolkit\CUDA\v6.5\include" /I"C:\Program Files\NVIDIA GPU Computing Toolkit\CUDA\v6.5\bin" /I"C:\Program Files\NVIDIA GPU Computing Toolkit\CUDA\v6.5\include" /I. /FIcuda_runtime.h /c C:\Users\Paula\Documents\PENN\CIS565_GPU\Project2-StreamCompaction\Project-2\Project-2\kernel.cu 
       AddCudaCompilePropsDeps:
       Skipping target "AddCudaCompilePropsDeps" because all output files are up-to-date with respect to the input files.
       CudaBuild:
         Compiling CUDA source file kernel.cu...
         cmd.exe /C "C:\Users\Paula\AppData\Local\Temp\tmp7cb4338f31c84706b5ece1c6f14b752c.cmd"
         "C:\Program Files\NVIDIA GPU Computing Toolkit\CUDA\v6.5\bin\nvcc.exe" -gencode=arch=compute_20,code=\"sm_20,compute_20\" --use-local-env --cl-version 2010 -ccbin "c:\Program Files (x86)\Microsoft Visual Studio 10.0\VC\bin"  -I"C:\Program Files\NVIDIA GPU Computing Toolkit\CUDA\v6.5\include" -I"C:\Program Files\NVIDIA GPU Computing Toolkit\CUDA\v6.5\include"     --keep-dir Release -maxrregcount=0  --machine 32 --compile -cudart static     -D_MBCS -Xcompiler "/EHsc /W3 /nologo /O2 /Zi  /MD  " -o Release\kernel.cu.obj "C:\Users\Paula\Documents\PENN\CIS565_GPU\Project2-StreamCompaction\Project-2\Project-2\kernel.cu"
         
         C:\Users\Paula\Documents\PENN\CIS565_GPU\Project2-StreamCompaction\Project-2\Project-2>"C:\Program Files\NVIDIA GPU Computing Toolkit\CUDA\v6.5\bin\nvcc.exe" -gencode=arch=compute_20,code=\"sm_20,compute_20\" --use-local-env --cl-version 2010 -ccbin "c:\Program Files (x86)\Microsoft Visual Studio 10.0\VC\bin"  -I"C:\Program Files\NVIDIA GPU Computing Toolkit\CUDA\v6.5\include" -I"C:\Program Files\NVIDIA GPU Computing Toolkit\CUDA\v6.5\include"     --keep-dir Release -maxrregcount=0  --machine 32 --compile -cudart static     -D_MBCS -Xcompiler "/EHsc /W3 /nologo /O2 /Zi  /MD  " -o Release\kernel.cu.obj "C:\Users\Paula\Documents\PENN\CIS565_GPU\Project2-StreamCompaction\Project-2\Project-2\kernel.cu" 
         kernel.cu
     1>C:/Users/Paula/Documents/PENN/CIS565_GPU/Project2-StreamCompaction/Project-2/Project-2/kernel.cu(63): warning C4244: 'initializing' : conversion from 'float' to 'int', possible loss of data
     1>C:/Users/Paula/Documents/PENN/CIS565_GPU/Project2-StreamCompaction/Project-2/Project-2/kernel.cu(68): warning C4244: 'argument' : conversion from 'int' to 'float', possible loss of data
     1>C:/Users/Paula/Documents/PENN/CIS565_GPU/Project2-StreamCompaction/Project-2/Project-2/kernel.cu(70): warning C4244: 'initializing' : conversion from 'float' to 'int', possible loss of data
     1>C:/Users/Paula/Documents/PENN/CIS565_GPU/Project2-StreamCompaction/Project-2/Project-2/kernel.cu(105): warning C4244: 'argument' : conversion from 'int' to 'float', possible loss of data
     1>C:/Users/Paula/Documents/PENN/CIS565_GPU/Project2-StreamCompaction/Project-2/Project-2/kernel.cu(107): warning C4244: 'initializing' : conversion from 'float' to 'int', possible loss of data
     1>C:/Users/Paula/Documents/PENN/CIS565_GPU/Project2-StreamCompaction/Project-2/Project-2/kernel.cu(159): warning C4244: 'initializing' : conversion from 'float' to 'int', possible loss of data
     1>C:/Users/Paula/Documents/PENN/CIS565_GPU/Project2-StreamCompaction/Project-2/Project-2/kernel.cu(169): warning C4244: 'argument' : conversion from 'int' to 'float', possible loss of data
     1>C:/Users/Paula/Documents/PENN/CIS565_GPU/Project2-StreamCompaction/Project-2/Project-2/kernel.cu(171): warning C4244: 'initializing' : conversion from 'float' to 'int', possible loss of data
     1>C:/Users/Paula/Documents/PENN/CIS565_GPU/Project2-StreamCompaction/Project-2/Project-2/kernel.cu(175): warning C4244: 'argument' : conversion from 'int' to 'float', possible loss of data
     1>C:/Users/Paula/Documents/PENN/CIS565_GPU/Project2-StreamCompaction/Project-2/Project-2/kernel.cu(178): warning C4244: 'argument' : conversion from 'float' to 'unsigned int', possible loss of data
     1>C:/Users/Paula/Documents/PENN/CIS565_GPU/Project2-StreamCompaction/Project-2/Project-2/kernel.cu(214): warning C4244: 'initializing' : conversion from 'float' to 'int', possible loss of data
       ClCompile:
         All outputs are up-to-date.
       Link:
         c:\Program Files (x86)\Microsoft Visual Studio 10.0\VC\bin\link.exe /ERRORREPORT:PROMPT /OUT:"C:\Users\Paula\Documents\PENN\CIS565_GPU\Project2-StreamCompaction\Project-2\Release\Project-2.exe" /NOLOGO /LIBPATH:../../common/lib /LIBPATH:"C:\Program Files\NVIDIA GPU Computing Toolkit\CUDA\v6.5\lib\Win32" cudart.lib kernel32.lib user32.lib gdi32.lib winspool.lib comdlg32.lib advapi32.lib shell32.lib ole32.lib oleaut32.lib uuid.lib odbc32.lib odbccp32.lib /MANIFEST /ManifestFile:"Release\Project-2.exe.intermediate.manifest" /MANIFESTUAC:"level='asInvoker' uiAccess='false'" /DEBUG /PDB:"C:\Users\Paula\Documents\PENN\CIS565_GPU\Project2-StreamCompaction\Project-2\Release\Project-2.pdb" /OPT:REF /OPT:ICF /LTCG /TLBID:1 /DYNAMICBASE /NXCOMPAT /IMPLIB:"C:\Users\Paula\Documents\PENN\CIS565_GPU\Project2-StreamCompaction\Project-2\Release\Project-2.lib" /MACHINE:X86 Release\kernel.cu.obj
         Release\CPU_version.obj
         Generating code
         Finished generating code
         Project-2.vcxproj -> C:\Users\Paula\Documents\PENN\CIS565_GPU\Project2-StreamCompaction\Project-2\Release\Project-2.exe
       Manifest:
         C:\Program Files (x86)\Microsoft SDKs\Windows\v7.0A\bin\mt.exe /nologo /verbose /outputresource:"C:\Users\Paula\Documents\PENN\CIS565_GPU\Project2-StreamCompaction\Project-2\Release\Project-2.exe;#1" /manifest "Release\Project-2.exe.intermediate.manifest"
       FinalizeBuildStatus:
         Deleting file "Release\Project-2.unsuccessfulbuild".
         Touching "Release\Project-2.lastbuildstate".
     1>Done Building Project "C:\Users\Paula\Documents\PENN\CIS565_GPU\Project2-StreamCompaction\Project-2\Project-2\Project-2.vcxproj" (build target(s)).

Build succeeded.

Time Elapsed 00:00:12.17
