C:\Users\Paula\Documents\PENN\CIS565_GPU\Project2-StreamCompaction\Project-2\Project-2\Release\cl.command.1.tlog
C:\Users\Paula\Documents\PENN\CIS565_GPU\Project2-StreamCompaction\Project-2\Project-2\Release\CL.read.1.tlog
C:\Users\Paula\Documents\PENN\CIS565_GPU\Project2-StreamCompaction\Project-2\Project-2\Release\CL.write.1.tlog
C:\USERS\PAULA\DOCUMENTS\PENN\CIS565_GPU\PROJECT2-STREAMCOMPACTION\PROJECT-2\PROJECT-2\RELEASE\CPU_VERSION.OBJ
C:\Users\Paula\Documents\PENN\CIS565_GPU\Project2-StreamCompaction\Project-2\Project-2\Release\kernel.cu.cache
C:\Users\Paula\Documents\PENN\CIS565_GPU\Project2-StreamCompaction\Project-2\Project-2\Release\kernel.cu.obj
C:\Users\Paula\Documents\PENN\CIS565_GPU\Project2-StreamCompaction\Project-2\Project-2\Release\link.command.1.tlog
C:\Users\Paula\Documents\PENN\CIS565_GPU\Project2-StreamCompaction\Project-2\Project-2\Release\link.read.1.tlog
C:\Users\Paula\Documents\PENN\CIS565_GPU\Project2-StreamCompaction\Project-2\Project-2\Release\link.write.1.tlog
C:\USERS\PAULA\DOCUMENTS\PENN\CIS565_GPU\PROJECT2-STREAMCOMPACTION\PROJECT-2\PROJECT-2\RELEASE\MAIN.OBJ
C:\Users\Paula\Documents\PENN\CIS565_GPU\Project2-StreamCompaction\Project-2\Project-2\Release\mt.command.1.tlog
C:\Users\Paula\Documents\PENN\CIS565_GPU\Project2-StreamCompaction\Project-2\Project-2\Release\mt.read.1.tlog
C:\Users\Paula\Documents\PENN\CIS565_GPU\Project2-StreamCompaction\Project-2\Project-2\Release\mt.write.1.tlog
C:\Users\Paula\Documents\PENN\CIS565_GPU\Project2-StreamCompaction\Project-2\Project-2\Release\prefix_sum.cu.cache
C:\Users\Paula\Documents\PENN\CIS565_GPU\Project2-StreamCompaction\Project-2\Project-2\Release\prefix_sum.cu.obj
C:\USERS\PAULA\DOCUMENTS\PENN\CIS565_GPU\PROJECT2-STREAMCOMPACTION\PROJECT-2\PROJECT-2\RELEASE\PROJECT-2.EXE.INTERMEDIATE.MANIFEST
C:\Users\Paula\Documents\PENN\CIS565_GPU\Project2-StreamCompaction\Project-2\Project-2\Release\Project-2.vcxprojResolveAssemblyReference.cache
C:\Users\Paula\Documents\PENN\CIS565_GPU\Project2-StreamCompaction\Project-2\Project-2\Release\Project-2.write.1.tlog
C:\USERS\PAULA\DOCUMENTS\PENN\CIS565_GPU\PROJECT2-STREAMCOMPACTION\PROJECT-2\PROJECT-2\RELEASE\VC100.PDB
C:\USERS\PAULA\DOCUMENTS\PENN\CIS565_GPU\PROJECT2-STREAMCOMPACTION\PROJECT-2\RELEASE\PROJECT-2.EXE
C:\USERS\PAULA\DOCUMENTS\PENN\CIS565_GPU\PROJECT2-STREAMCOMPACTION\PROJECT-2\RELEASE\PROJECT-2.PDB
